{"/home/tuxcanfly/Work/hs-rosetta/lib/network.js":{"path":"/home/tuxcanfly/Work/hs-rosetta/lib/network.js","s":{"1":1,"2":1,"3":1,"4":1,"5":1,"6":1,"7":1,"8":1,"9":1,"10":1,"11":1,"12":1},"b":{},"f":{"1":1,"2":1,"3":1,"4":1,"5":1,"6":1},"fnMap":{"1":{"name":"(anonymous_1)","line":6,"loc":{"start":{"line":6,"column":13},"end":{"line":6,"column":23}}},"2":{"name":"(anonymous_2)","line":10,"loc":{"start":{"line":10,"column":8},"end":{"line":10,"column":11}}},"3":{"name":"(anonymous_3)","line":21,"loc":{"start":{"line":21,"column":13},"end":{"line":21,"column":21}}},"4":{"name":"(anonymous_4)","line":25,"loc":{"start":{"line":25,"column":8},"end":{"line":25,"column":11}}},"5":{"name":"(anonymous_5)","line":48,"loc":{"start":{"line":48,"column":13},"end":{"line":48,"column":35}}},"6":{"name":"(anonymous_6)","line":54,"loc":{"start":{"line":54,"column":8},"end":{"line":54,"column":11}}}},"statementMap":{"1":{"start":{"line":3,"column":0},"end":{"line":3,"column":29}},"2":{"start":{"line":7,"column":4},"end":{"line":7,"column":27}},"3":{"start":{"line":11,"column":4},"end":{"line":16,"column":6}},"4":{"start":{"line":22,"column":4},"end":{"line":22,"column":23}},"5":{"start":{"line":26,"column":4},"end":{"line":43,"column":6}},"6":{"start":{"line":49,"column":4},"end":{"line":49,"column":23}},"7":{"start":{"line":50,"column":4},"end":{"line":50,"column":19}},"8":{"start":{"line":51,"column":4},"end":{"line":51,"column":27}},"9":{"start":{"line":55,"column":4},"end":{"line":66,"column":6}},"10":{"start":{"line":70,"column":0},"end":{"line":70,"column":27}},"11":{"start":{"line":71,"column":0},"end":{"line":71,"column":33}},"12":{"start":{"line":72,"column":0},"end":{"line":72,"column":31}}},"branchMap":{}},"/home/tuxcanfly/Work/hs-rosetta/lib/pkg.js":{"path":"/home/tuxcanfly/Work/hs-rosetta/lib/pkg.js","s":{"1":1,"2":1,"3":1,"4":1,"5":1,"6":1,"7":1,"8":1,"9":1,"10":1,"11":1,"12":1,"13":1},"b":{},"f":{},"fnMap":{},"statementMap":{"1":{"start":{"line":9,"column":0},"end":{"line":9,"column":20}},"2":{"start":{"line":17,"column":0},"end":{"line":17,"column":24}},"3":{"start":{"line":25,"column":0},"end":{"line":25,"column":17}},"4":{"start":{"line":33,"column":0},"end":{"line":33,"column":35}},"5":{"start":{"line":41,"column":0},"end":{"line":41,"column":29}},"6":{"start":{"line":49,"column":0},"end":{"line":49,"column":27}},"7":{"start":{"line":57,"column":0},"end":{"line":57,"column":17}},"8":{"start":{"line":65,"column":0},"end":{"line":65,"column":17}},"9":{"start":{"line":73,"column":0},"end":{"line":73,"column":17}},"10":{"start":{"line":81,"column":0},"end":{"line":81,"column":29}},"11":{"start":{"line":89,"column":0},"end":{"line":89,"column":22}},"12":{"start":{"line":97,"column":0},"end":{"line":97,"column":63}},"13":{"start":{"line":105,"column":0},"end":{"line":105,"column":22}}},"branchMap":{}},"/home/tuxcanfly/Work/hs-rosetta/lib/account.js":{"path":"/home/tuxcanfly/Work/hs-rosetta/lib/account.js","s":{"1":1,"2":1,"3":1,"4":1,"5":1,"6":1},"b":{},"f":{"1":1,"2":1},"fnMap":{"1":{"name":"(anonymous_1)","line":6,"loc":{"start":{"line":6,"column":13},"end":{"line":6,"column":38}}},"2":{"name":"(anonymous_2)","line":12,"loc":{"start":{"line":12,"column":8},"end":{"line":12,"column":11}}}},"statementMap":{"1":{"start":{"line":3,"column":0},"end":{"line":3,"column":29}},"2":{"start":{"line":7,"column":4},"end":{"line":7,"column":25}},"3":{"start":{"line":8,"column":4},"end":{"line":8,"column":23}},"4":{"start":{"line":9,"column":4},"end":{"line":9,"column":27}},"5":{"start":{"line":13,"column":4},"end":{"line":30,"column":6}},"6":{"start":{"line":34,"column":0},"end":{"line":34,"column":32}}},"branchMap":{}},"/home/tuxcanfly/Work/hs-rosetta/lib/mempool.js":{"path":"/home/tuxcanfly/Work/hs-rosetta/lib/mempool.js","s":{"1":1,"2":1,"3":1,"4":0,"5":1,"6":1,"7":1},"b":{},"f":{"1":1,"2":1,"3":1},"fnMap":{"1":{"name":"(anonymous_1)","line":4,"loc":{"start":{"line":4,"column":13},"end":{"line":4,"column":19}}},"2":{"name":"(anonymous_2)","line":8,"loc":{"start":{"line":8,"column":8},"end":{"line":8,"column":11}}},"3":{"name":"(anonymous_3)","line":15,"loc":{"start":{"line":15,"column":8},"end":{"line":15,"column":11}}}},"statementMap":{"1":{"start":{"line":5,"column":4},"end":{"line":5,"column":19}},"2":{"start":{"line":9,"column":4},"end":{"line":9,"column":22}},"3":{"start":{"line":10,"column":4},"end":{"line":11,"column":38}},"4":{"start":{"line":11,"column":6},"end":{"line":11,"column":38}},"5":{"start":{"line":12,"column":4},"end":{"line":12,"column":18}},"6":{"start":{"line":16,"column":4},"end":{"line":18,"column":6}},"7":{"start":{"line":22,"column":0},"end":{"line":22,"column":25}}},"branchMap":{}},"/home/tuxcanfly/Work/hs-rosetta/lib/block.js":{"path":"/home/tuxcanfly/Work/hs-rosetta/lib/block.js","s":{"1":1,"2":1,"3":1,"4":1,"5":1,"6":1,"7":1,"8":1,"9":1,"10":1,"11":1,"12":1,"13":1,"14":1,"15":1,"16":1,"17":0,"18":0,"19":1,"20":3,"21":3,"22":1,"23":1},"b":{},"f":{"1":1,"2":1,"3":1,"4":1},"fnMap":{"1":{"name":"(anonymous_1)","line":6,"loc":{"start":{"line":6,"column":13},"end":{"line":6,"column":50}}},"2":{"name":"(anonymous_2)","line":14,"loc":{"start":{"line":14,"column":14},"end":{"line":14,"column":17}}},"3":{"name":"(anonymous_3)","line":23,"loc":{"start":{"line":23,"column":8},"end":{"line":23,"column":11}}},"4":{"name":"toDifficulty","line":42,"loc":{"start":{"line":42,"column":0},"end":{"line":42,"column":28}}}},"statementMap":{"1":{"start":{"line":3,"column":0},"end":{"line":3,"column":27}},"2":{"start":{"line":7,"column":4},"end":{"line":7,"column":25}},"3":{"start":{"line":8,"column":4},"end":{"line":8,"column":23}},"4":{"start":{"line":9,"column":4},"end":{"line":9,"column":21}},"5":{"start":{"line":10,"column":4},"end":{"line":10,"column":21}},"6":{"start":{"line":11,"column":4},"end":{"line":11,"column":27}},"7":{"start":{"line":15,"column":4},"end":{"line":15,"column":28}},"8":{"start":{"line":16,"column":4},"end":{"line":19,"column":5}},"9":{"start":{"line":17,"column":6},"end":{"line":17,"column":62}},"10":{"start":{"line":18,"column":6},"end":{"line":18,"column":37}},"11":{"start":{"line":20,"column":4},"end":{"line":20,"column":24}},"12":{"start":{"line":24,"column":4},"end":{"line":38,"column":6}},"13":{"start":{"line":42,"column":0},"end":{"line":57,"column":1}},"14":{"start":{"line":43,"column":2},"end":{"line":43,"column":35}},"15":{"start":{"line":44,"column":2},"end":{"line":44,"column":46}},"16":{"start":{"line":46,"column":2},"end":{"line":49,"column":3}},"17":{"start":{"line":47,"column":4},"end":{"line":47,"column":18}},"18":{"start":{"line":48,"column":4},"end":{"line":48,"column":12}},"19":{"start":{"line":51,"column":2},"end":{"line":54,"column":3}},"20":{"start":{"line":52,"column":4},"end":{"line":52,"column":18}},"21":{"start":{"line":53,"column":4},"end":{"line":53,"column":12}},"22":{"start":{"line":56,"column":2},"end":{"line":56,"column":14}},"23":{"start":{"line":59,"column":0},"end":{"line":59,"column":23}}},"branchMap":{}},"/home/tuxcanfly/Work/hs-rosetta/lib/tx.js":{"path":"/home/tuxcanfly/Work/hs-rosetta/lib/tx.js","s":{"1":1,"2":1,"3":2,"4":2,"5":2,"6":2,"7":2,"8":0,"9":0,"10":0,"11":0,"12":0,"13":0,"14":0,"15":0,"16":2,"17":2,"18":0,"19":2,"20":2,"21":0,"22":2,"23":0,"24":2,"25":2,"26":2,"27":1},"b":{"1":[0,2],"2":[0,0],"3":[0,0],"4":[0,0],"5":[0,2],"6":[0,2],"7":[0,2],"8":[2,0]},"f":{"1":2,"2":2,"3":2},"fnMap":{"1":{"name":"(anonymous_1)","line":8,"loc":{"start":{"line":8,"column":13},"end":{"line":8,"column":33}}},"2":{"name":"(anonymous_2)","line":14,"loc":{"start":{"line":14,"column":12},"end":{"line":14,"column":15}}},"3":{"name":"(anonymous_3)","line":105,"loc":{"start":{"line":105,"column":8},"end":{"line":105,"column":11}}}},"statementMap":{"1":{"start":{"line":3,"column":0},"end":{"line":3,"column":29}},"2":{"start":{"line":5,"column":0},"end":{"line":5,"column":45}},"3":{"start":{"line":9,"column":4},"end":{"line":9,"column":17}},"4":{"start":{"line":10,"column":4},"end":{"line":10,"column":21}},"5":{"start":{"line":11,"column":4},"end":{"line":11,"column":27}},"6":{"start":{"line":15,"column":4},"end":{"line":15,"column":26}},"7":{"start":{"line":16,"column":4},"end":{"line":59,"column":5}},"8":{"start":{"line":17,"column":6},"end":{"line":58,"column":7}},"9":{"start":{"line":18,"column":8},"end":{"line":18,"column":49}},"10":{"start":{"line":20,"column":8},"end":{"line":20,"column":36}},"11":{"start":{"line":22,"column":8},"end":{"line":23,"column":19}},"12":{"start":{"line":23,"column":10},"end":{"line":23,"column":19}},"13":{"start":{"line":26,"column":8},"end":{"line":29,"column":9}},"14":{"start":{"line":28,"column":10},"end":{"line":28,"column":19}},"15":{"start":{"line":31,"column":8},"end":{"line":57,"column":10}},"16":{"start":{"line":61,"column":4},"end":{"line":100,"column":5}},"17":{"start":{"line":62,"column":6},"end":{"line":63,"column":17}},"18":{"start":{"line":63,"column":8},"end":{"line":63,"column":17}},"19":{"start":{"line":65,"column":6},"end":{"line":65,"column":36}},"20":{"start":{"line":67,"column":6},"end":{"line":68,"column":17}},"21":{"start":{"line":68,"column":8},"end":{"line":68,"column":17}},"22":{"start":{"line":71,"column":6},"end":{"line":74,"column":7}},"23":{"start":{"line":73,"column":8},"end":{"line":73,"column":17}},"24":{"start":{"line":76,"column":6},"end":{"line":99,"column":8}},"25":{"start":{"line":102,"column":4},"end":{"line":102,"column":22}},"26":{"start":{"line":106,"column":4},"end":{"line":115,"column":6}},"27":{"start":{"line":119,"column":0},"end":{"line":119,"column":20}}},"branchMap":{"1":{"line":16,"type":"if","locations":[{"start":{"line":16,"column":4},"end":{"line":16,"column":4}},{"start":{"line":16,"column":4},"end":{"line":16,"column":4}}]},"2":{"line":22,"type":"if","locations":[{"start":{"line":22,"column":8},"end":{"line":22,"column":8}},{"start":{"line":22,"column":8},"end":{"line":22,"column":8}}]},"3":{"line":26,"type":"if","locations":[{"start":{"line":26,"column":8},"end":{"line":26,"column":8}},{"start":{"line":26,"column":8},"end":{"line":26,"column":8}}]},"4":{"line":26,"type":"binary-expr","locations":[{"start":{"line":26,"column":12},"end":{"line":26,"column":56}},{"start":{"line":27,"column":13},"end":{"line":27,"column":55}}]},"5":{"line":62,"type":"if","locations":[{"start":{"line":62,"column":6},"end":{"line":62,"column":6}},{"start":{"line":62,"column":6},"end":{"line":62,"column":6}}]},"6":{"line":67,"type":"if","locations":[{"start":{"line":67,"column":6},"end":{"line":67,"column":6}},{"start":{"line":67,"column":6},"end":{"line":67,"column":6}}]},"7":{"line":71,"type":"if","locations":[{"start":{"line":71,"column":6},"end":{"line":71,"column":6}},{"start":{"line":71,"column":6},"end":{"line":71,"column":6}}]},"8":{"line":71,"type":"binary-expr","locations":[{"start":{"line":71,"column":10},"end":{"line":71,"column":56}},{"start":{"line":72,"column":11},"end":{"line":72,"column":55}}]}}},"/home/tuxcanfly/Work/hs-rosetta/lib/covenants.js":{"path":"/home/tuxcanfly/Work/hs-rosetta/lib/covenants.js","s":{"1":1,"2":1},"b":{},"f":{},"fnMap":{},"statementMap":{"1":{"start":{"line":3,"column":0},"end":{"line":16,"column":2}},"2":{"start":{"line":18,"column":0},"end":{"line":18,"column":31}}},"branchMap":{}},"/home/tuxcanfly/Work/hs-rosetta/lib/blockmeta.js":{"path":"/home/tuxcanfly/Work/hs-rosetta/lib/blockmeta.js","s":{"1":1,"2":1,"3":1,"4":1},"b":{},"f":{"1":1,"2":1},"fnMap":{"1":{"name":"(anonymous_1)","line":4,"loc":{"start":{"line":4,"column":13},"end":{"line":4,"column":28}}},"2":{"name":"(anonymous_2)","line":9,"loc":{"start":{"line":9,"column":8},"end":{"line":9,"column":11}}}},"statementMap":{"1":{"start":{"line":5,"column":4},"end":{"line":5,"column":25}},"2":{"start":{"line":6,"column":4},"end":{"line":6,"column":21}},"3":{"start":{"line":10,"column":4},"end":{"line":13,"column":6}},"4":{"start":{"line":17,"column":0},"end":{"line":17,"column":27}}},"branchMap":{}}}