TN:
SF:/home/tuxcanfly/Work/hs-rosetta/lib/account.js
FN:12,(anonymous_0)
FN:18,(anonymous_1)
FNF:2
FNH:2
FNDA:1,(anonymous_0)
FNDA:1,(anonymous_1)
DA:9,1
DA:13,1
DA:14,1
DA:15,1
DA:19,1
DA:34,1
LF:6
LH:6
BRF:0
BRH:0
end_of_record
TN:
SF:/home/tuxcanfly/Work/hs-rosetta/lib/block.js
FN:12,(anonymous_0)
FN:20,(anonymous_1)
FN:29,(anonymous_2)
FN:48,toDifficulty
FNF:4
FNH:4
FNDA:1,(anonymous_0)
FNDA:1,(anonymous_1)
FNDA:1,(anonymous_2)
FNDA:1,toDifficulty
DA:9,1
DA:13,1
DA:14,1
DA:15,1
DA:16,1
DA:17,1
DA:21,1
DA:22,1
DA:23,1
DA:24,1
DA:26,1
DA:30,1
DA:49,1
DA:50,1
DA:52,1
DA:53,0
DA:54,0
DA:57,1
DA:58,3
DA:59,3
DA:62,1
DA:65,1
LF:22
LH:20
BRF:0
BRH:0
end_of_record
TN:
SF:/home/tuxcanfly/Work/hs-rosetta/lib/blockmeta.js
FN:10,(anonymous_0)
FN:15,(anonymous_1)
FNF:2
FNH:2
FNDA:1,(anonymous_0)
FNDA:1,(anonymous_1)
DA:11,1
DA:12,1
DA:16,1
DA:23,1
LF:4
LH:4
BRF:0
BRH:0
end_of_record
TN:
SF:/home/tuxcanfly/Work/hs-rosetta/lib/coin.js
FN:12,(anonymous_0)
FN:19,(anonymous_1)
FNF:2
FNH:0
FNDA:0,(anonymous_0)
FNDA:0,(anonymous_1)
DA:9,1
DA:13,0
DA:14,0
DA:15,0
DA:16,0
DA:20,0
DA:42,1
LF:7
LH:2
BRF:0
BRH:0
end_of_record
TN:
SF:/home/tuxcanfly/Work/hs-rosetta/lib/covenant.js
FNF:0
FNH:0
DA:9,1
DA:24,1
LF:2
LH:2
BRF:0
BRH:0
end_of_record
TN:
SF:/home/tuxcanfly/Work/hs-rosetta/lib/currency.js
FN:12,(anonymous_0)
FNF:1
FNH:1
FNDA:3,(anonymous_0)
DA:9,1
DA:13,3
DA:24,1
DA:26,1
LF:4
LH:4
BRF:0
BRH:0
end_of_record
TN:
SF:/home/tuxcanfly/Work/hs-rosetta/lib/http.js
FN:41,(anonymous_0)
FN:64,(anonymous_1)
FN:65,(anonymous_2)
FN:73,(anonymous_3)
FN:78,(anonymous_4)
FN:90,(anonymous_5)
FN:109,(anonymous_6)
FN:118,(anonymous_7)
FN:123,(anonymous_8)
FN:137,(anonymous_9)
FN:160,(anonymous_10)
FN:222,(anonymous_11)
FN:268,(anonymous_12)
FN:319,(anonymous_13)
FN:337,(anonymous_14)
FN:371,(anonymous_15)
FN:387,(anonymous_16)
FN:427,(anonymous_17)
FN:452,(anonymous_18)
FN:532,enforce
FNF:20
FNH:16
FNDA:1,(anonymous_0)
FNDA:1,(anonymous_1)
FNDA:8,(anonymous_2)
FNDA:1,(anonymous_3)
FNDA:0,(anonymous_4)
FNDA:1,(anonymous_5)
FNDA:0,(anonymous_6)
FNDA:1,(anonymous_7)
FNDA:1,(anonymous_8)
FNDA:1,(anonymous_9)
FNDA:1,(anonymous_10)
FNDA:1,(anonymous_11)
FNDA:1,(anonymous_12)
FNDA:1,(anonymous_13)
FNDA:0,(anonymous_14)
FNDA:1,(anonymous_15)
FNDA:0,(anonymous_16)
FNDA:1,(anonymous_17)
FNDA:1,(anonymous_18)
FNDA:31,enforce
DA:9,1
DA:10,1
DA:12,1
DA:13,1
DA:15,1
DA:16,1
DA:17,1
DA:19,1
DA:20,1
DA:21,1
DA:22,1
DA:23,1
DA:24,1
DA:25,1
DA:27,1
DA:42,1
DA:44,1
DA:45,1
DA:47,1
DA:48,1
DA:49,1
DA:50,1
DA:51,1
DA:53,1
DA:54,1
DA:56,1
DA:65,1
DA:66,8
DA:67,0
DA:69,8
DA:73,1
DA:74,1
DA:78,1
DA:79,0
DA:82,1
DA:91,1
DA:92,0
DA:94,1
DA:95,0
DA:102,1
DA:106,1
DA:107,1
DA:109,1
DA:110,0
DA:111,0
DA:118,1
DA:119,1
DA:120,1
DA:123,1
DA:124,1
DA:125,1
DA:127,1
DA:128,1
DA:130,1
DA:131,1
DA:133,1
DA:134,1
DA:137,1
DA:138,1
DA:139,1
DA:141,1
DA:142,1
DA:144,1
DA:145,1
DA:147,1
DA:148,1
DA:149,0
DA:150,0
DA:151,0
DA:156,1
DA:157,1
DA:160,1
DA:161,1
DA:162,1
DA:164,1
DA:165,1
DA:167,1
DA:168,1
DA:170,1
DA:172,1
DA:173,1
DA:176,1
DA:177,0
DA:179,0
DA:183,1
DA:184,0
DA:189,0
DA:192,1
DA:193,1
DA:194,1
DA:196,1
DA:197,0
DA:198,0
DA:201,1
DA:202,1
DA:203,1
DA:204,0
DA:206,1
DA:207,0
DA:210,1
DA:212,0
DA:215,1
DA:218,1
DA:219,1
DA:222,1
DA:223,1
DA:224,1
DA:226,1
DA:227,1
DA:229,1
DA:230,1
DA:232,1
DA:234,1
DA:235,1
DA:237,1
DA:239,1
DA:241,1
DA:242,0
DA:243,0
DA:246,1
DA:247,1
DA:251,1
DA:253,1
DA:254,0
DA:255,0
DA:258,1
DA:259,1
DA:260,0
DA:261,0
DA:264,1
DA:265,1
DA:268,1
DA:269,1
DA:270,1
DA:272,1
DA:273,1
DA:275,1
DA:276,1
DA:278,1
DA:279,1
DA:281,1
DA:282,1
DA:284,1
DA:286,1
DA:288,1
DA:289,0
DA:290,0
DA:293,1
DA:294,1
DA:298,1
DA:299,1
DA:301,1
DA:303,1
DA:304,0
DA:305,0
DA:308,1
DA:310,1
DA:311,0
DA:312,0
DA:315,1
DA:316,1
DA:319,1
DA:320,1
DA:321,1
DA:323,1
DA:324,1
DA:326,1
DA:327,1
DA:329,1
DA:337,1
DA:338,0
DA:339,0
DA:341,0
DA:342,0
DA:344,0
DA:345,0
DA:347,0
DA:349,0
DA:354,0
DA:355,0
DA:360,0
DA:363,0
DA:371,1
DA:372,1
DA:373,1
DA:375,1
DA:376,1
DA:378,1
DA:379,1
DA:381,1
DA:383,1
DA:384,1
DA:387,1
DA:388,0
DA:389,0
DA:391,0
DA:392,0
DA:394,0
DA:395,0
DA:397,0
DA:398,0
DA:399,0
DA:401,0
DA:402,0
DA:403,0
DA:406,0
DA:408,0
DA:409,0
DA:410,0
DA:413,0
DA:414,0
DA:428,1
DA:429,1
DA:430,1
DA:431,1
DA:432,1
DA:433,1
DA:435,1
DA:436,1
DA:437,1
DA:438,1
DA:439,1
DA:440,1
DA:442,1
DA:453,1
DA:454,1
DA:457,1
DA:458,1
DA:460,1
DA:461,1
DA:462,1
DA:465,1
DA:466,0
DA:468,0
DA:470,0
DA:471,0
DA:474,1
DA:475,0
DA:476,0
DA:479,1
DA:480,0
DA:481,0
DA:484,1
DA:485,1
DA:486,1
DA:487,1
DA:488,1
DA:491,1
DA:492,0
DA:493,0
DA:496,1
DA:497,0
DA:499,0
DA:502,1
DA:503,0
DA:504,0
DA:507,1
DA:508,0
DA:509,0
DA:512,1
DA:513,0
DA:514,0
DA:519,1
DA:520,1
DA:521,1
DA:524,1
DA:533,31
DA:534,0
DA:535,0
DA:536,0
DA:537,0
DA:545,1
LF:272
LH:190
BRDA:66,0,0,0
BRDA:66,0,1,8
BRDA:66,1,0,8
BRDA:66,1,1,8
BRDA:91,2,0,0
BRDA:91,2,1,1
BRDA:94,3,0,0
BRDA:94,3,1,1
BRDA:110,4,0,0
BRDA:110,4,1,0
BRDA:149,5,0,0
BRDA:149,5,1,0
BRDA:176,6,0,0
BRDA:176,6,1,1
BRDA:183,7,0,0
BRDA:183,7,1,1
BRDA:196,8,0,0
BRDA:196,8,1,1
BRDA:203,9,0,0
BRDA:203,9,1,1
BRDA:206,10,0,0
BRDA:206,10,1,1
BRDA:210,11,0,0
BRDA:210,11,1,1
BRDA:210,12,0,1
BRDA:210,12,1,0
BRDA:241,13,0,0
BRDA:241,13,1,1
BRDA:246,14,0,1
BRDA:246,14,1,0
BRDA:253,15,0,0
BRDA:253,15,1,1
BRDA:259,16,0,0
BRDA:259,16,1,1
BRDA:288,17,0,0
BRDA:288,17,1,1
BRDA:293,18,0,1
BRDA:293,18,1,0
BRDA:303,19,0,0
BRDA:303,19,1,1
BRDA:310,20,0,0
BRDA:310,20,1,1
BRDA:354,21,0,0
BRDA:354,21,1,0
BRDA:401,22,0,0
BRDA:401,22,1,0
BRDA:408,23,0,0
BRDA:408,23,1,0
BRDA:454,24,0,1
BRDA:454,24,1,1
BRDA:460,25,0,1
BRDA:460,25,1,0
BRDA:465,26,0,0
BRDA:465,26,1,1
BRDA:474,27,0,0
BRDA:474,27,1,1
BRDA:479,28,0,0
BRDA:479,28,1,1
BRDA:484,29,0,1
BRDA:484,29,1,0
BRDA:491,30,0,0
BRDA:491,30,1,1
BRDA:496,31,0,0
BRDA:496,31,1,1
BRDA:502,32,0,0
BRDA:502,32,1,1
BRDA:507,33,0,0
BRDA:507,33,1,1
BRDA:512,34,0,0
BRDA:512,34,1,1
BRDA:519,35,0,1
BRDA:519,35,1,0
BRDA:520,36,0,1
BRDA:520,36,1,0
BRDA:520,37,0,1
BRDA:520,37,1,0
BRDA:533,38,0,0
BRDA:533,38,1,31
BRF:78
BRH:36
end_of_record
TN:
SF:/home/tuxcanfly/Work/hs-rosetta/lib/mempool.js
FN:10,(anonymous_0)
FN:14,(anonymous_1)
FN:21,(anonymous_2)
FNF:3
FNH:3
FNDA:1,(anonymous_0)
FNDA:1,(anonymous_1)
FNDA:1,(anonymous_2)
DA:11,1
DA:15,1
DA:16,1
DA:17,0
DA:18,1
DA:22,1
DA:28,1
LF:7
LH:6
BRF:0
BRH:0
end_of_record
TN:
SF:/home/tuxcanfly/Work/hs-rosetta/lib/network.js
FN:12,(anonymous_0)
FN:16,(anonymous_1)
FN:27,(anonymous_2)
FN:31,(anonymous_3)
FN:54,(anonymous_4)
FN:60,(anonymous_5)
FNF:6
FNH:6
FNDA:1,(anonymous_0)
FNDA:1,(anonymous_1)
FNDA:1,(anonymous_2)
FNDA:1,(anonymous_3)
FNDA:1,(anonymous_4)
FNDA:1,(anonymous_5)
DA:9,1
DA:13,1
DA:17,1
DA:28,1
DA:32,1
DA:55,1
DA:56,1
DA:57,1
DA:61,1
DA:76,1
DA:77,1
DA:78,1
LF:12
LH:12
BRF:0
BRH:0
end_of_record
TN:
SF:/home/tuxcanfly/Work/hs-rosetta/lib/output.js
FN:12,(anonymous_0)
FN:18,(anonymous_1)
FNF:2
FNH:2
FNDA:2,(anonymous_0)
FNDA:2,(anonymous_1)
DA:9,1
DA:13,2
DA:14,2
DA:15,2
DA:19,2
DA:38,1
LF:6
LH:6
BRF:0
BRH:0
end_of_record
TN:
SF:/home/tuxcanfly/Work/hs-rosetta/lib/pkg.js
FNF:0
FNH:0
DA:9,1
DA:17,1
DA:25,1
DA:33,1
DA:41,1
DA:49,1
DA:57,1
DA:65,1
DA:73,1
DA:81,1
DA:89,1
DA:97,1
DA:105,1
LF:13
LH:13
BRF:0
BRH:0
end_of_record
TN:
SF:/home/tuxcanfly/Work/hs-rosetta/lib/plugin.js
FN:31,(anonymous_0)
FN:57,(anonymous_1)
FN:69,(anonymous_2)
FN:90,init
FNF:4
FNH:4
FNDA:1,(anonymous_0)
FNDA:1,(anonymous_1)
FNDA:1,(anonymous_2)
FNDA:1,init
DA:9,1
DA:10,1
DA:11,1
DA:17,1
DA:32,1
DA:33,1
DA:34,1
DA:36,1
DA:58,1
DA:59,1
DA:61,1
DA:70,1
DA:71,1
DA:73,1
DA:82,1
DA:90,1
DA:91,1
LF:17
LH:17
BRF:0
BRH:0
end_of_record
TN:
SF:/home/tuxcanfly/Work/hs-rosetta/lib/tx.js
FN:15,(anonymous_0)
FN:21,(anonymous_1)
FN:64,(anonymous_2)
FNF:3
FNH:3
FNDA:2,(anonymous_0)
FNDA:2,(anonymous_1)
FNDA:2,(anonymous_2)
DA:9,1
DA:10,1
DA:12,1
DA:16,2
DA:17,2
DA:18,2
DA:22,2
DA:24,2
DA:25,0
DA:26,0
DA:28,0
DA:30,0
DA:31,0
DA:34,0
DA:36,0
DA:39,0
DA:43,2
DA:44,2
DA:45,0
DA:47,2
DA:49,2
DA:50,0
DA:53,2
DA:55,0
DA:58,2
DA:61,2
DA:65,2
DA:78,1
LF:28
LH:17
BRDA:24,0,0,0
BRDA:24,0,1,2
BRDA:30,1,0,0
BRDA:30,1,1,0
BRDA:34,2,0,0
BRDA:34,2,1,0
BRDA:34,3,0,0
BRDA:34,3,1,0
BRDA:44,4,0,0
BRDA:44,4,1,2
BRDA:49,5,0,0
BRDA:49,5,1,2
BRDA:53,6,0,0
BRDA:53,6,1,2
BRDA:53,7,0,2
BRDA:53,7,1,0
BRF:16
BRH:5
end_of_record
